Using pre-set license
Built from '2020.3/staging' branch; Version is '2020.3.11f1 (99c7afb366b3) revision 10078127'; Using compiler version '192528614'; Build Type 'Release'
OS: 'Windows 10 Pro; OS build 16299.371; Version 1709; 64bit' Language: 'it' Physical Memory: 4010 MB
BatchMode: 1, IsHumanControllingUs: 0, StartBugReporterOnCrash: 0, Is64bit: 1, IsPro: 0

 COMMAND LINE ARGUMENTS:
C:\Program Files\Unity\Hub\Editor\2020.3.11f1\Editor\Unity.exe
-adb2
-batchMode
-noUpm
-name
AssetImportWorker0
-projectPath
C:/Users/user/Documents/GitHub/provadelsex/proj/New Unity Project
-logFile
Logs/AssetImportWorker0.log
-srvPort
50841
Successfully changed project path to: C:/Users/user/Documents/GitHub/provadelsex/proj/New Unity Project
C:/Users/user/Documents/GitHub/provadelsex/proj/New Unity Project
Using Asset Import Pipeline V2.
Refreshing native plugins compatible for Editor in 236.89 ms, found 2 plugins.
Preloading 0 native plugins for Editor in 0.00 ms.
Initialize engine version: 2020.3.11f1 (99c7afb366b3)
[Subsystems] Discovering subsystems at path C:/Program Files/Unity/Hub/Editor/2020.3.11f1/Editor/Data/Resources/UnitySubsystems
[Subsystems] Discovering subsystems at path C:/Users/user/Documents/GitHub/provadelsex/proj/New Unity Project/Assets
GfxDevice: creating device client; threaded=0
Direct3D:
    Version:  Direct3D 11.0 [level 11.1]
    Renderer: Intel(R) HD Graphics (ID=0x22b1)
    Vendor:   
    VRAM:     2005 MB
    Driver:   20.19.15.4352
Initialize mono
Mono path[0] = 'C:/Program Files/Unity/Hub/Editor/2020.3.11f1/Editor/Data/Managed'
Mono path[1] = 'C:/Program Files/Unity/Hub/Editor/2020.3.11f1/Editor/Data/MonoBleedingEdge/lib/mono/unityjit'
Mono config path = 'C:/Program Files/Unity/Hub/Editor/2020.3.11f1/Editor/Data/MonoBleedingEdge/etc'
Using monoOptions --debugger-agent=transport=dt_socket,embedding=1,server=y,suspend=n,address=127.0.0.1:56304
Begin MonoManager ReloadAssembly
Registering precompiled unity dll's ...
Register platform support module: C:/Program Files/Unity/Hub/Editor/2020.3.11f1/Editor/Data/PlaybackEngines/WindowsStandaloneSupport/UnityEditor.WindowsStandalone.Extensions.dll
Registered in 0.006389 seconds.
Native extension for WindowsStandalone target not found
Refreshing native plugins compatible for Editor in 145.64 ms, found 2 plugins.
Preloading 0 native plugins for Editor in 0.00 ms.
Mono: successfully reloaded assembly
- Completed reload, in  5.423 seconds
Platform modules already initialized, skipping
Registering precompiled user dll's ...
Registered in 0.019891 seconds.
Begin MonoManager ReloadAssembly
Native extension for WindowsStandalone target not found
Refreshing native plugins compatible for Editor in 1.59 ms, found 2 plugins.
Preloading 0 native plugins for Editor in 0.00 ms.
Mono: successfully reloaded assembly
- Completed reload, in  6.360 seconds
Platform modules already initialized, skipping
========================================================================
Worker process is ready to serve import requests
Launched and connected shader compiler UnityShaderCompiler.exe after 0.58 seconds
Refreshing native plugins compatible for Editor in 1.02 ms, found 2 plugins.
Preloading 0 native plugins for Editor in 0.00 ms.
Unloading 1386 Unused Serialized files (Serialized files now loaded: 0)
System memory in use before: 64.5 MB.
System memory in use after: 64.6 MB.

Unloading 18 unused Assets to reduce memory usage. Loaded Objects now: 1820.
Total: 191.850891 ms (FindLiveObjects: 1.146274 ms CreateObjectMapping: 0.206086 ms MarkObjects: 190.186841 ms  DeleteObjects: 0.304649 ms)

========================================================================
Received Import Request.
  path: Assets
  artifactKey: Guid(00000000000000001000000000000000) Importer(815301076,1909f56bfc062723c751e8b465ee728b)
Start importing Assets using Guid(00000000000000001000000000000000) Importer(815301076,1909f56bfc062723c751e8b465ee728b)  -> (artifact id: '42d402b061de3733987d63b9cc3b64de') in 0.274599 seconds
  Import took 0.288742 seconds .

========================================================================
Received Import Request.
  Time since last request: 16.101428 seconds.
  path: Assets/Script
  artifactKey: Guid(10e66509ea2e532489286acc970d55df) Importer(815301076,1909f56bfc062723c751e8b465ee728b)
Start importing Assets/Script using Guid(10e66509ea2e532489286acc970d55df) Importer(815301076,1909f56bfc062723c751e8b465ee728b)  -> (artifact id: 'fe8f265bd529637ef3e68d61b05e5add') in 0.134598 seconds
  Import took 0.192691 seconds .

========================================================================
Received Import Request.
  Time since last request: 10.245701 seconds.
  path: Assets/Script/asasasa.cs
  artifactKey: Guid(24d473fb3a561874ca8b83fc7631b075) Importer(815301076,1909f56bfc062723c751e8b465ee728b)
Start importing Assets/Script/asasasa.cs using Guid(24d473fb3a561874ca8b83fc7631b075) Importer(815301076,1909f56bfc062723c751e8b465ee728b)  -> (artifact id: 'edaa5cb25f3db55c7b63215291d9dcf1') in 0.575015 seconds
  Import took 0.593695 seconds .

========================================================================
Received Prepare
Registering precompiled user dll's ...
Registered in 0.018713 seconds.
Begin MonoManager ReloadAssembly
Native extension for WindowsStandalone target not found
Refreshing native plugins compatible for Editor in 1.21 ms, found 2 plugins.
Preloading 0 native plugins for Editor in 0.00 ms.
Mono: successfully reloaded assembly
- Completed reload, in  6.330 seconds
Platform modules already initialized, skipping
Refreshing native plugins compatible for Editor in 1.13 ms, found 2 plugins.
Preloading 0 native plugins for Editor in 0.00 ms.
Unloading 1381 Unused Serialized files (Serialized files now loaded: 0)
System memory in use before: 64.4 MB.
System memory in use after: 64.5 MB.

Unloading 13 unused Assets to reduce memory usage. Loaded Objects now: 1824.
Total: 8.397053 ms (FindLiveObjects: 0.872346 ms CreateObjectMapping: 0.612498 ms MarkObjects: 6.813645 ms  DeleteObjects: 0.092803 ms)

========================================================================
Received Import Request.
  Time since last request: 42.910177 seconds.
  path: Assets/New Material.mat
  artifactKey: Guid(b5eea7449fe255445b31434a8068b836) Importer(815301076,1909f56bfc062723c751e8b465ee728b)
Start importing Assets/New Material.mat using Guid(b5eea7449fe255445b31434a8068b836) Importer(815301076,1909f56bfc062723c751e8b465ee728b)  -> (artifact id: 'bf4455773cbb9e97c150b5fd23db9a48') in 1.118363 seconds
  Import took 1.126065 seconds .

========================================================================
Received Prepare
Registering precompiled user dll's ...
Registered in 0.023406 seconds.
Begin MonoManager ReloadAssembly
Native extension for WindowsStandalone target not found
Refreshing native plugins compatible for Editor in 1.14 ms, found 2 plugins.
Preloading 0 native plugins for Editor in 0.00 ms.
Mono: successfully reloaded assembly
- Completed reload, in  6.017 seconds
Platform modules already initialized, skipping
Refreshing native plugins compatible for Editor in 1.18 ms, found 2 plugins.
Preloading 0 native plugins for Editor in 0.00 ms.
Unloading 1381 Unused Serialized files (Serialized files now loaded: 0)
System memory in use before: 67.8 MB.
System memory in use after: 67.9 MB.

Unloading 13 unused Assets to reduce memory usage. Loaded Objects now: 1867.
Total: 8.742663 ms (FindLiveObjects: 0.851226 ms CreateObjectMapping: 0.320650 ms MarkObjects: 7.467105 ms  DeleteObjects: 0.097923 ms)

========================================================================
Received Import Request.
  Time since last request: 911.537013 seconds.
  path: Assets/New Material.mat
  artifactKey: Guid(b5eea7449fe255445b31434a8068b836) Importer(815301076,1909f56bfc062723c751e8b465ee728b)
Start importing Assets/New Material.mat using Guid(b5eea7449fe255445b31434a8068b836) Importer(815301076,1909f56bfc062723c751e8b465ee728b)  -> (artifact id: 'c52ba5b1c4a6c97ea0623a1323056b03') in 0.969938 seconds
  Import took 0.981178 seconds .

========================================================================
Received Import Request.
  Time since last request: 161.224551 seconds.
  path: Assets/New Material.mat
  artifactKey: Guid(b5eea7449fe255445b31434a8068b836) Importer(815301076,1909f56bfc062723c751e8b465ee728b)
Start importing Assets/New Material.mat using Guid(b5eea7449fe255445b31434a8068b836) Importer(815301076,1909f56bfc062723c751e8b465ee728b)  -> (artifact id: '3fd33c22bc0de43e73f9151466a62696') in 2.849983 seconds
  Import took 2.857310 seconds .

AssetImportWorkerClient::OnTransportError - code=2 error=End of file
